R2 : Size=1
    Key  : Value
    None : 0.999329631150501
objective : Size=1, Index=None, Active=True
    Key  : Active : Value
    None :   True : 0.00751580789861392
H_i_star : Size=1, Index=None
    Key  : Lower : Value              : Upper : Fixed : Stale : Domain
    None :  None : -7.046336560731623 :  None : False : False :  Reals
A_i : Size=1, Index=None
    Key  : Lower : Value              : Upper : Fixed : Stale : Domain
    None :  None : -5.667116323507524 :  None : False : False :  Reals
M_i_star : Size=1, Index=None
    Key  : Lower : Value              : Upper : Fixed : Stale : Domain
    None :   0.0 : 1.1289546169705171 :  None : False : False :  Reals
M_i : Size=1
    Key  : Value
    None : 2.6982015345595363
k_i_inf : Size=1
    Key  : Value
    None : 7.270006040206475e-10
dH_i : Size=1
    Key  : Value
    None : -20094.05206291149
H_j_star : Size=1, Index=None
    Key  : Lower : Value              : Upper : Fixed : Stale : Domain
    None :  None : -10.17984989403739 :  None : False : False :  Reals
A_j : Size=1, Index=None
    Key  : Lower : Value              : Upper : Fixed : Stale : Domain
    None :  None : -6.081217243016717 :  None : False : False :  Reals
k_j_inf : Size=1
    Key  : Value
    None : 4.804995965981191e-10
dH_j : Size=1
    Key  : Value
    None : -29029.898302526217
