R2 : Size=1
    Key  : Value
    None : 0.9987002690496689
objective : Size=1, Index=None, Active=True
    Key  : Active : Value
    None :   True : 0.005341418620217344
H_i_star : Size=1, Index=None
    Key  : Lower : Value               : Upper : Fixed : Stale : Domain
    None :  None : -10.976064382768579 :  None : False : False :  Reals
A_i : Size=1, Index=None
    Key  : Lower : Value               : Upper : Fixed : Stale : Domain
    None :  None : -7.3659048783030086 :  None : False : False :  Reals
M_i_star : Size=1, Index=None
    Key  : Lower : Value              : Upper : Fixed : Stale : Domain
    None :  None : 1.0109486926682547 :  None : False : False :  Reals
M_i : Size=1
    Key  : Value
    None : 3.1127110247255563
k_i_inf : Size=1
    Key  : Value
    None : 1.6091644633767366e-10
dH_i : Size=1
    Key  : Value
    None : -31300.464752469925
